<?xml version="1.0" encoding="UTF-8"?>
<!-- Generated by org.testng.reporters.JUnitReportReporter -->
<testsuite hostname="Mahbubs-MBP.home" name="com.facebook.SeleniumMaven.SimpleTest" tests="1" failures="0" timestamp="24 Feb 2017 04:58:15 GMT" time="5.221" errors="0">
  <testcase name="TestOne" time="5.221" classname="com.facebook.SeleniumMaven.SimpleTest"/>
</testsuite> <!-- com.facebook.SeleniumMaven.SimpleTest -->
