<?xml version="1.0" encoding="UTF-8"?>
<!-- Generated by org.testng.reporters.JUnitReportReporter -->
<testsuite name="SeleniumFacebook.HomeworkOnFacebookNumOne" tests="1" time="2.280" ignored="0" failures="0" timestamp="04 Feb 2017 16:16:19 GMT" skipped="0" hostname="Mahbubs-MacBook-Pro.local" errors="0">
  <testcase name="invalidUsernameAndPass" time="2.280" classname="SeleniumFacebook.HomeworkOnFacebookNumOne"/>
</testsuite> <!-- SeleniumFacebook.HomeworkOnFacebookNumOne -->
