<?xml version="1.0" encoding="UTF-8"?>
<!-- Generated by org.testng.reporters.JUnitReportReporter -->
<testsuite name="SeleniumFacebook.Month" tests="1" time="0.061" ignored="0" failures="0" timestamp="10 Feb 2017 16:48:15 GMT" skipped="0" hostname="Mahbubs-MBP.home" errors="0">
  <testcase name="isElementExample" time="0.061" classname="SeleniumFacebook.Month"/>
</testsuite> <!-- SeleniumFacebook.Month -->
