<?xml version="1.0" encoding="UTF-8"?>
<!-- Generated by org.testng.reporters.JUnitReportReporter -->
<testsuite name="SeleniumFacebook.HomeworkOnFacebookNumTwo" tests="1" time="2.278" ignored="0" failures="0" timestamp="03 Feb 2017 16:21:17 GMT" skipped="0" hostname="Mahbubs-MBP.home" errors="0">
  <testcase name="findElementByList" time="2.278" classname="SeleniumFacebook.HomeworkOnFacebookNumTwo"/>
</testsuite> <!-- SeleniumFacebook.HomeworkOnFacebookNumTwo -->
