<?xml version="1.0" encoding="UTF-8"?>
<!-- Generated by org.testng.reporters.JUnitReportReporter -->
<testsuite name="SeleniumFacebook.HomeworkOnFacebookNumThree" tests="2" time="5.615" ignored="0" failures="0" timestamp="30 Jan 2017 19:48:27 GMT" skipped="0" hostname="Mahbubs-MBP.home" errors="0">
  <testcase name="findElementByList" time="0.352" classname="SeleniumFacebook.HomeworkOnFacebookNumThree"/>
  <testcase name="invalidUsernameAndPass" time="5.263" classname="SeleniumFacebook.HomeworkOnFacebookNumThree"/>
</testsuite> <!-- SeleniumFacebook.HomeworkOnFacebookNumThree -->
