<?xml version="1.0" encoding="UTF-8"?>
<!-- Generated by org.testng.reporters.JUnitReportReporter -->
<testsuite name="SeleniumFacebook.HomeworkOnFacebookForListOfMonths" tests="6" time="6.148" ignored="0" failures="0" timestamp="08 Feb 2017 19:33:12 GMT" skipped="0" hostname="Mahbubs-MBP.home" errors="0">
  <testcase name="clickOnButton" time="5.086" classname="SeleniumFacebook.HomeworkOnFacebookForListOfMonths"/>
  <testcase name="findElementByListForFirstName" time="0.233" classname="SeleniumFacebook.HomeworkOnFacebookForListOfMonths"/>
  <testcase name="findElementByListForLaststName" time="0.212" classname="SeleniumFacebook.HomeworkOnFacebookForListOfMonths"/>
  <testcase name="findElementByListForMobileNumOrEmail" time="0.211" classname="SeleniumFacebook.HomeworkOnFacebookForListOfMonths"/>
  <testcase name="findElementByListForReenterMobileNumOrEmail" time="0.208" classname="SeleniumFacebook.HomeworkOnFacebookForListOfMonths"/>
  <testcase name="findElementByListNewPassword" time="0.198" classname="SeleniumFacebook.HomeworkOnFacebookForListOfMonths"/>
</testsuite> <!-- SeleniumFacebook.HomeworkOnFacebookForListOfMonths -->
