<?xml version="1.0" encoding="UTF-8"?>
<!-- Generated by org.testng.reporters.JUnitReportReporter -->
<testsuite name="ScreenshootAndCalender.Screenshot" tests="1" time="0.229" ignored="0" failures="0" timestamp="14 Feb 2017 18:48:35 GMT" skipped="0" hostname="Mahbubs-MBP.home" errors="0">
  <testcase name="screenshotTest" time="0.229" classname="ScreenshootAndCalender.Screenshot"/>
</testsuite> <!-- ScreenshootAndCalender.Screenshot -->
