<?xml version="1.0" encoding="UTF-8"?>
<!-- Generated by org.testng.reporters.JUnitReportReporter -->
<testsuite name="demo.CustomXpath" tests="1" time="5.086" ignored="0" failures="0" timestamp="01 Feb 2017 01:38:08 GMT" skipped="0" hostname="Mahbubs-MacBook-Pro.local" errors="0">
  <testcase name="clickOn" time="5.086" classname="demo.CustomXpath"/>
</testsuite> <!-- demo.CustomXpath -->
