<?xml version="1.0" encoding="UTF-8"?>
<!-- Generated by org.testng.reporters.JUnitReportReporter -->
<testsuite name="demo.TestNGDemo" tests="2" time="0.007" ignored="0" failures="0" timestamp="27 Jan 2017 16:24:34 GMT" skipped="0" hostname="Mahbubs-MBP.home" errors="0">
  <testcase name="myTestA" time="0.005" classname="demo.TestNGDemo"/>
  <testcase name="myTestB" time="0.002" classname="demo.TestNGDemo"/>
</testsuite> <!-- demo.TestNGDemo -->
