<?xml version="1.0" encoding="UTF-8"?>
<!-- Generated by org.testng.reporters.JUnitReportReporter -->
<testsuite name="demo.InitialSetupOfSelenium" tests="1" time="3.233" ignored="0" failures="0" timestamp="28 Jan 2017 17:35:41 GMT" skipped="0" hostname="Mahbubs-MacBook-Pro.local" errors="0">
  <testcase name="findElementUsingId" time="3.233" classname="demo.InitialSetupOfSelenium"/>
</testsuite> <!-- demo.InitialSetupOfSelenium -->
