<?xml version="1.0" encoding="UTF-8"?>
<!-- Generated by org.testng.reporters.JUnitReportReporter -->
<testsuite name="demo.ClassWorkOnFirebugAndPath" tests="1" time="4.056" ignored="0" failures="0" timestamp="28 Jan 2017 17:38:46 GMT" skipped="0" hostname="Mahbubs-MacBook-Pro.local" errors="0">
  <testcase name="findElementUsingId" time="4.056" classname="demo.ClassWorkOnFirebugAndPath"/>
</testsuite> <!-- demo.ClassWorkOnFirebugAndPath -->
