<?xml version="1.0" encoding="UTF-8"?>
<!-- Generated by org.testng.reporters.JUnitReportReporter -->
<testsuite name="demo.WebDriverBooleanActions" tests="2" time="15.760" ignored="0" failures="0" timestamp="04 Feb 2017 18:09:09 GMT" skipped="0" hostname="Mahbubs-MacBook-Pro.local" errors="0">
  <testcase name="selectFromDropDown" time="15.392" classname="demo.WebDriverBooleanActions"/>
  <testcase name="isElementExamples" time="0.368" classname="demo.WebDriverBooleanActions"/>
</testsuite> <!-- demo.WebDriverBooleanActions -->
